[main] 2021-08-16 13:02:23 INFO  com.gauravshopping.main.OnlineShoppingMain  - ========================================================
[main] 2021-08-16 13:02:23 INFO  com.gauravshopping.main.OnlineShoppingMain  - 1) employee login
[main] 2021-08-16 13:02:23 INFO  com.gauravshopping.main.OnlineShoppingMain  - 2) customer login
[main] 2021-08-16 13:02:23 INFO  com.gauravshopping.main.OnlineShoppingMain  - 3) register login
[main] 2021-08-16 13:02:23 INFO  com.gauravshopping.main.OnlineShoppingMain  - 4)exit
[main] 2021-08-16 13:02:36 INFO  com.gauravshopping.main.OnlineShoppingMain  - 
 adding new products plz wait
[main] 2021-08-16 13:02:36 INFO  com.gauravshopping.main.OnlineShoppingMain  - 1) employee login
[main] 2021-08-16 13:02:36 INFO  com.gauravshopping.main.OnlineShoppingMain  - 2) customer login
[main] 2021-08-16 13:02:36 INFO  com.gauravshopping.main.OnlineShoppingMain  - 3) register login
[main] 2021-08-16 13:02:36 INFO  com.gauravshopping.main.OnlineShoppingMain  - 4)exit
[main] 2021-08-16 13:02:39 INFO  com.gauravshopping.main.OnlineShoppingMain  - 
 adding new products plz wait
[main] 2021-08-16 13:02:39 INFO  com.gauravshopping.main.OnlineShoppingMain  - 1) employee login
[main] 2021-08-16 13:02:39 INFO  com.gauravshopping.main.OnlineShoppingMain  - 2) customer login
[main] 2021-08-16 13:02:39 INFO  com.gauravshopping.main.OnlineShoppingMain  - 3) register login
[main] 2021-08-16 13:02:39 INFO  com.gauravshopping.main.OnlineShoppingMain  - 4)exit
[main] 2021-08-16 13:02:40 INFO  com.gauravshopping.main.OnlineShoppingMain  - 
 adding new products plz wait
[main] 2021-08-16 13:02:40 INFO  com.gauravshopping.main.OnlineShoppingMain  - 1) employee login
[main] 2021-08-16 13:02:40 INFO  com.gauravshopping.main.OnlineShoppingMain  - 2) customer login
[main] 2021-08-16 13:02:40 INFO  com.gauravshopping.main.OnlineShoppingMain  - 3) register login
[main] 2021-08-16 13:02:40 INFO  com.gauravshopping.main.OnlineShoppingMain  - 4)exit
[main] 2021-08-16 13:02:44 INFO  com.gauravshopping.main.OnlineShoppingMain  - 
 plz enter choice between 1 to 4 only
[main] 2021-08-16 13:03:42 INFO  com.gauravshopping.main.OnlineShoppingMain  - 
 Hi welcome to the menu driven app for online shopping we have new products and good quantity
[main] 2021-08-16 13:03:42 INFO  com.gauravshopping.main.OnlineShoppingMain  - ========================================================
[main] 2021-08-16 13:03:42 INFO  com.gauravshopping.main.OnlineShoppingMain  - 1) employee login
[main] 2021-08-16 13:03:42 INFO  com.gauravshopping.main.OnlineShoppingMain  - 2) customer login
[main] 2021-08-16 13:03:42 INFO  com.gauravshopping.main.OnlineShoppingMain  - 3) register login
[main] 2021-08-16 13:03:42 INFO  com.gauravshopping.main.OnlineShoppingMain  - 4)exit
[main] 2021-08-16 13:03:45 INFO  com.gauravshopping.main.OnlineShoppingMain  - 
 plz enter choice between 1 to 4 only
[main] 2021-08-16 13:03:45 INFO  com.gauravshopping.main.OnlineShoppingMain  - 1) employee login
[main] 2021-08-16 13:03:45 INFO  com.gauravshopping.main.OnlineShoppingMain  - 2) customer login
[main] 2021-08-16 13:03:45 INFO  com.gauravshopping.main.OnlineShoppingMain  - 3) register login
[main] 2021-08-16 13:03:45 INFO  com.gauravshopping.main.OnlineShoppingMain  - 4)exit
[main] 2021-08-16 13:03:55 INFO  com.gauravshopping.main.OnlineShoppingMain  - 
 adding new products plz wait
[main] 2021-08-16 13:03:55 INFO  com.gauravshopping.main.OnlineShoppingMain  - 1) employee login
[main] 2021-08-16 13:03:55 INFO  com.gauravshopping.main.OnlineShoppingMain  - 2) customer login
[main] 2021-08-16 13:03:55 INFO  com.gauravshopping.main.OnlineShoppingMain  - 3) register login
[main] 2021-08-16 13:03:55 INFO  com.gauravshopping.main.OnlineShoppingMain  - 4)exit
[main] 2021-08-16 13:03:56 INFO  com.gauravshopping.main.OnlineShoppingMain  - 
 adding new products plz wait
[main] 2021-08-16 13:03:56 INFO  com.gauravshopping.main.OnlineShoppingMain  - 1) employee login
[main] 2021-08-16 13:03:56 INFO  com.gauravshopping.main.OnlineShoppingMain  - 2) customer login
[main] 2021-08-16 13:03:56 INFO  com.gauravshopping.main.OnlineShoppingMain  - 3) register login
[main] 2021-08-16 13:03:56 INFO  com.gauravshopping.main.OnlineShoppingMain  - 4)exit
[main] 2021-08-16 13:03:58 INFO  com.gauravshopping.main.OnlineShoppingMain  - 
 adding new products plz wait
[main] 2021-08-16 13:03:58 INFO  com.gauravshopping.main.OnlineShoppingMain  - 1) employee login
[main] 2021-08-16 13:03:58 INFO  com.gauravshopping.main.OnlineShoppingMain  - 2) customer login
[main] 2021-08-16 13:03:58 INFO  com.gauravshopping.main.OnlineShoppingMain  - 3) register login
[main] 2021-08-16 13:03:58 INFO  com.gauravshopping.main.OnlineShoppingMain  - 4)exit
[main] 2021-08-16 13:04:16 INFO  com.gauravshopping.main.OnlineShoppingMain  - 
 Hi welcome to the menu driven app for online shopping we have new products and good quantity
[main] 2021-08-16 13:04:16 INFO  com.gauravshopping.main.OnlineShoppingMain  - ========================================================
[main] 2021-08-16 13:04:16 INFO  com.gauravshopping.main.OnlineShoppingMain  - 1) employee login
[main] 2021-08-16 13:04:16 INFO  com.gauravshopping.main.OnlineShoppingMain  - 2) customer login
[main] 2021-08-16 13:04:16 INFO  com.gauravshopping.main.OnlineShoppingMain  - 3) register an customer
[main] 2021-08-16 13:04:16 INFO  com.gauravshopping.main.OnlineShoppingMain  - 4)exit
[main] 2021-08-16 13:04:26 INFO  com.gauravshopping.main.OnlineShoppingMain  - 
 Hi welcome to the menu driven app for online shopping we have new products and good quantity
[main] 2021-08-16 13:04:26 INFO  com.gauravshopping.main.OnlineShoppingMain  - ========================================================
[main] 2021-08-16 13:04:26 INFO  com.gauravshopping.main.OnlineShoppingMain  - 1) employee login
[main] 2021-08-16 13:04:26 INFO  com.gauravshopping.main.OnlineShoppingMain  - 2) customer login
[main] 2021-08-16 13:04:26 INFO  com.gauravshopping.main.OnlineShoppingMain  - 3) register an customer
[main] 2021-08-16 13:04:26 INFO  com.gauravshopping.main.OnlineShoppingMain  - 4)  exit
[main] 2021-08-16 13:04:30 INFO  com.gauravshopping.main.OnlineShoppingMain  - 
 ok bye thanks for visting our app please visit again and give us feedback so that we can improve
[main] 2021-08-16 13:04:57 INFO  com.gauravshopping.main.OnlineShoppingMain  - 
 Hi welcome to the menu driven app for online shopping we have new products and good quantity
[main] 2021-08-16 13:04:57 INFO  com.gauravshopping.main.OnlineShoppingMain  - ========================================================
[main] 2021-08-16 13:04:57 INFO  com.gauravshopping.main.OnlineShoppingMain  - 1) employee login
[main] 2021-08-16 13:04:57 INFO  com.gauravshopping.main.OnlineShoppingMain  - 2) customer login
[main] 2021-08-16 13:04:57 INFO  com.gauravshopping.main.OnlineShoppingMain  - 3) register an customer
[main] 2021-08-16 13:04:57 INFO  com.gauravshopping.main.OnlineShoppingMain  - 4)  exit
[main] 2021-08-16 13:05:24 INFO  com.gauravshopping.main.OnlineShoppingMain  - 
 Hi welcome to the menu driven app for online shopping we have new products and good quantity also the quality asurance as well
[main] 2021-08-16 13:05:24 INFO  com.gauravshopping.main.OnlineShoppingMain  - ========================================================
[main] 2021-08-16 13:05:24 INFO  com.gauravshopping.main.OnlineShoppingMain  - 1) employee login
[main] 2021-08-16 13:05:24 INFO  com.gauravshopping.main.OnlineShoppingMain  - 2) customer login
[main] 2021-08-16 13:05:24 INFO  com.gauravshopping.main.OnlineShoppingMain  - 3) register an customer
[main] 2021-08-16 13:05:24 INFO  com.gauravshopping.main.OnlineShoppingMain  - 4)  exit
[main] 2021-08-16 23:11:04 INFO  com.gauravshopping.main.OnlineShoppingMain  - 
 Hi welcome to the menu driven app for online shopping we have new products and good quantity also the quality asurance as well
[main] 2021-08-16 23:11:04 INFO  com.gauravshopping.main.OnlineShoppingMain  - ========================================================
[main] 2021-08-16 23:11:04 INFO  com.gauravshopping.main.OnlineShoppingMain  - 1) employee login
[main] 2021-08-16 23:11:04 INFO  com.gauravshopping.main.OnlineShoppingMain  - 2) customer login
[main] 2021-08-16 23:11:04 INFO  com.gauravshopping.main.OnlineShoppingMain  - 3) register an customer
[main] 2021-08-16 23:11:04 INFO  com.gauravshopping.main.OnlineShoppingMain  - 4)  exit
[main] 2021-08-16 23:11:19 INFO  com.gauravshopping.main.OnlineShoppingMain  - 
 adding new products plz wait
[main] 2021-08-16 23:11:19 INFO  com.gauravshopping.main.OnlineShoppingMain  - 1) employee login
[main] 2021-08-16 23:11:19 INFO  com.gauravshopping.main.OnlineShoppingMain  - 2) customer login
[main] 2021-08-16 23:11:19 INFO  com.gauravshopping.main.OnlineShoppingMain  - 3) register an customer
[main] 2021-08-16 23:11:19 INFO  com.gauravshopping.main.OnlineShoppingMain  - 4)  exit
[main] 2021-08-16 23:15:06 INFO  com.gauravshopping.main.OnlineShoppingMain  - 
 bye customers thanks for visting our app please visit again and give us feedback so that we can improve
[main] 2021-08-16 23:36:35 INFO  com.gauravshopping.main.OnlineShoppingMain  - 
 Hi welcome to the menu driven app for online shopping we have new products and good quantity also the quality asurance as well
[main] 2021-08-16 23:36:35 INFO  com.gauravshopping.main.OnlineShoppingMain  - ========================================================
[main] 2021-08-16 23:36:35 INFO  com.gauravshopping.main.OnlineShoppingMain  - 1) employee login
[main] 2021-08-16 23:36:35 INFO  com.gauravshopping.main.OnlineShoppingMain  - 2) customer login
[main] 2021-08-16 23:36:35 INFO  com.gauravshopping.main.OnlineShoppingMain  - 3) register an customer
[main] 2021-08-16 23:36:35 INFO  com.gauravshopping.main.OnlineShoppingMain  - 4)  exit
[main] 2021-08-16 23:36:38 INFO  com.gauravshopping.main.OnlineShoppingMain  - 
 please register an customer with below details
[main] 2021-08-16 23:36:38 INFO  com.gauravshopping.main.OnlineShoppingMain  - 
 please enter an customer id
[main] 2021-08-16 23:36:41 INFO  com.gauravshopping.main.OnlineShoppingMain  - 
 please enter fisrtname
[main] 2021-08-16 23:36:45 INFO  com.gauravshopping.main.OnlineShoppingMain  - 
 please enter lastname
[main] 2021-08-16 23:36:48 INFO  com.gauravshopping.main.OnlineShoppingMain  - 
  please enter email
[main] 2021-08-16 23:36:55 INFO  com.gauravshopping.main.OnlineShoppingMain  - 
 please enter password
[main] 2021-08-16 23:37:05 INFO  com.gauravshopping.main.OnlineShoppingMain  - invalid customer lastname kesa1please enter valid lastname
[main] 2021-08-16 23:37:05 INFO  com.gauravshopping.main.OnlineShoppingMain  - 1) employee login
[main] 2021-08-16 23:37:05 INFO  com.gauravshopping.main.OnlineShoppingMain  - 2) customer login
[main] 2021-08-16 23:37:05 INFO  com.gauravshopping.main.OnlineShoppingMain  - 3) register an customer
[main] 2021-08-16 23:37:05 INFO  com.gauravshopping.main.OnlineShoppingMain  - 4)  exit
[main] 2021-08-16 23:38:21 INFO  com.gauravshopping.main.OnlineShoppingMain  - 
 Hi welcome to the menu driven app for online shopping we have new products and good quantity also the quality asurance as well
[main] 2021-08-16 23:38:21 INFO  com.gauravshopping.main.OnlineShoppingMain  - ========================================================
[main] 2021-08-16 23:38:21 INFO  com.gauravshopping.main.OnlineShoppingMain  - 1) employee login
[main] 2021-08-16 23:38:21 INFO  com.gauravshopping.main.OnlineShoppingMain  - 2) customer login
[main] 2021-08-16 23:38:21 INFO  com.gauravshopping.main.OnlineShoppingMain  - 3) register an customer
[main] 2021-08-16 23:38:21 INFO  com.gauravshopping.main.OnlineShoppingMain  - 4)  exit
[main] 2021-08-16 23:38:23 INFO  com.gauravshopping.main.OnlineShoppingMain  - 
 please register an customer with below details
[main] 2021-08-16 23:38:23 INFO  com.gauravshopping.main.OnlineShoppingMain  - 
 please enter an customer id
[main] 2021-08-16 23:38:25 INFO  com.gauravshopping.main.OnlineShoppingMain  - 
 please enter fisrtname
[main] 2021-08-16 23:38:28 INFO  com.gauravshopping.main.OnlineShoppingMain  - 
 please enter lastname
[main] 2021-08-16 23:38:32 INFO  com.gauravshopping.main.OnlineShoppingMain  - 
  please enter email
[main] 2021-08-16 23:38:38 INFO  com.gauravshopping.main.OnlineShoppingMain  - 
 please enter password
[main] 2021-08-16 23:39:04 INFO  com.gauravshopping.main.OnlineShoppingMain  - 
 Hi welcome to the menu driven app for online shopping we have new products and good quantity also the quality asurance as well
[main] 2021-08-16 23:39:04 INFO  com.gauravshopping.main.OnlineShoppingMain  - ========================================================
[main] 2021-08-16 23:39:04 INFO  com.gauravshopping.main.OnlineShoppingMain  - 1) employee login
[main] 2021-08-16 23:39:04 INFO  com.gauravshopping.main.OnlineShoppingMain  - 2) customer login
[main] 2021-08-16 23:39:04 INFO  com.gauravshopping.main.OnlineShoppingMain  - 3) register an customer
[main] 2021-08-16 23:39:04 INFO  com.gauravshopping.main.OnlineShoppingMain  - 4)  exit
[main] 2021-08-16 23:39:06 INFO  com.gauravshopping.main.OnlineShoppingMain  - 
 please register an customer with below details
[main] 2021-08-16 23:39:06 INFO  com.gauravshopping.main.OnlineShoppingMain  - 
 please enter an customer id
[main] 2021-08-16 23:39:07 INFO  com.gauravshopping.main.OnlineShoppingMain  - 
 please enter fisrtname
[main] 2021-08-16 23:39:10 INFO  com.gauravshopping.main.OnlineShoppingMain  - 
 please enter lastname
[main] 2021-08-16 23:39:13 INFO  com.gauravshopping.main.OnlineShoppingMain  - 
  please enter email
[main] 2021-08-16 23:39:19 INFO  com.gauravshopping.main.OnlineShoppingMain  - 
 please enter password
[main] 2021-08-16 23:39:22 INFO  com.gauravshopping.main.OnlineShoppingMain  - invalid email kg@gmail.complease enter valid email
[main] 2021-08-16 23:39:22 INFO  com.gauravshopping.main.OnlineShoppingMain  - 1) employee login
[main] 2021-08-16 23:39:22 INFO  com.gauravshopping.main.OnlineShoppingMain  - 2) customer login
[main] 2021-08-16 23:39:22 INFO  com.gauravshopping.main.OnlineShoppingMain  - 3) register an customer
[main] 2021-08-16 23:39:22 INFO  com.gauravshopping.main.OnlineShoppingMain  - 4)  exit
[main] 2021-08-16 23:42:23 INFO  com.gauravshopping.main.OnlineShoppingMain  - 
 Hi welcome to the menu driven app for online shopping we have new products and good quantity also the quality asurance as well
[main] 2021-08-16 23:42:23 INFO  com.gauravshopping.main.OnlineShoppingMain  - ========================================================
[main] 2021-08-16 23:42:23 INFO  com.gauravshopping.main.OnlineShoppingMain  - 1) employee login
[main] 2021-08-16 23:42:23 INFO  com.gauravshopping.main.OnlineShoppingMain  - 2) customer login
[main] 2021-08-16 23:42:23 INFO  com.gauravshopping.main.OnlineShoppingMain  - 3) register an customer
[main] 2021-08-16 23:42:23 INFO  com.gauravshopping.main.OnlineShoppingMain  - 4)  exit
[main] 2021-08-16 23:42:25 INFO  com.gauravshopping.main.OnlineShoppingMain  - 
 please register an customer with below details
[main] 2021-08-16 23:42:25 INFO  com.gauravshopping.main.OnlineShoppingMain  - 
 please enter an customer id
[main] 2021-08-16 23:42:27 INFO  com.gauravshopping.main.OnlineShoppingMain  - 
 please enter fisrtname
[main] 2021-08-16 23:42:29 INFO  com.gauravshopping.main.OnlineShoppingMain  - 
 please enter lastname
[main] 2021-08-16 23:42:33 INFO  com.gauravshopping.main.OnlineShoppingMain  - 
  please enter email
[main] 2021-08-16 23:42:38 INFO  com.gauravshopping.main.OnlineShoppingMain  - 
 please enter password
[main] 2021-08-16 23:42:41 INFO  com.gauravshopping.main.OnlineShoppingMain  - invalid email kg@gmail.complease enter valid email
[main] 2021-08-16 23:42:41 INFO  com.gauravshopping.main.OnlineShoppingMain  - 1) employee login
[main] 2021-08-16 23:42:41 INFO  com.gauravshopping.main.OnlineShoppingMain  - 2) customer login
[main] 2021-08-16 23:42:41 INFO  com.gauravshopping.main.OnlineShoppingMain  - 3) register an customer
[main] 2021-08-16 23:42:41 INFO  com.gauravshopping.main.OnlineShoppingMain  - 4)  exit
[main] 2021-08-16 23:43:41 INFO  com.gauravshopping.main.OnlineShoppingMain  - 
 Hi welcome to the menu driven app for online shopping we have new products and good quantity also the quality asurance as well
[main] 2021-08-16 23:43:41 INFO  com.gauravshopping.main.OnlineShoppingMain  - ========================================================
[main] 2021-08-16 23:43:41 INFO  com.gauravshopping.main.OnlineShoppingMain  - 1) employee login
[main] 2021-08-16 23:43:41 INFO  com.gauravshopping.main.OnlineShoppingMain  - 2) customer login
[main] 2021-08-16 23:43:41 INFO  com.gauravshopping.main.OnlineShoppingMain  - 3) register an customer
[main] 2021-08-16 23:43:41 INFO  com.gauravshopping.main.OnlineShoppingMain  - 4)  exit
[main] 2021-08-16 23:43:49 INFO  com.gauravshopping.main.OnlineShoppingMain  - 
 please register an customer with below details
[main] 2021-08-16 23:43:49 INFO  com.gauravshopping.main.OnlineShoppingMain  - 
 please enter an customer id
[main] 2021-08-16 23:43:50 INFO  com.gauravshopping.main.OnlineShoppingMain  - 
 please enter fisrtname
[main] 2021-08-16 23:43:55 INFO  com.gauravshopping.main.OnlineShoppingMain  - 
 please enter lastname
[main] 2021-08-16 23:43:56 INFO  com.gauravshopping.main.OnlineShoppingMain  - 
  please enter email
[main] 2021-08-16 23:44:04 INFO  com.gauravshopping.main.OnlineShoppingMain  - 
 please enter password
[main] 2021-08-16 23:44:06 INFO  com.gauravshopping.main.OnlineShoppingMain  - invalid email kgm@gmail.complease enter valid email
[main] 2021-08-16 23:44:06 INFO  com.gauravshopping.main.OnlineShoppingMain  - 1) employee login
[main] 2021-08-16 23:44:06 INFO  com.gauravshopping.main.OnlineShoppingMain  - 2) customer login
[main] 2021-08-16 23:44:06 INFO  com.gauravshopping.main.OnlineShoppingMain  - 3) register an customer
[main] 2021-08-16 23:44:06 INFO  com.gauravshopping.main.OnlineShoppingMain  - 4)  exit
[main] 2021-08-16 23:44:18 INFO  com.gauravshopping.main.OnlineShoppingMain  - 
 Hi welcome to the menu driven app for online shopping we have new products and good quantity also the quality asurance as well
[main] 2021-08-16 23:44:18 INFO  com.gauravshopping.main.OnlineShoppingMain  - ========================================================
[main] 2021-08-16 23:44:18 INFO  com.gauravshopping.main.OnlineShoppingMain  - 1) employee login
[main] 2021-08-16 23:44:18 INFO  com.gauravshopping.main.OnlineShoppingMain  - 2) customer login
[main] 2021-08-16 23:44:18 INFO  com.gauravshopping.main.OnlineShoppingMain  - 3) register an customer
[main] 2021-08-16 23:44:18 INFO  com.gauravshopping.main.OnlineShoppingMain  - 4)  exit
[main] 2021-08-16 23:47:17 INFO  com.gauravshopping.main.OnlineShoppingMain  - 
 Hi welcome to the menu driven app for online shopping we have new products and good quantity also the quality asurance as well
[main] 2021-08-16 23:47:17 INFO  com.gauravshopping.main.OnlineShoppingMain  - ========================================================
[main] 2021-08-16 23:47:17 INFO  com.gauravshopping.main.OnlineShoppingMain  - 1) employee login
[main] 2021-08-16 23:47:17 INFO  com.gauravshopping.main.OnlineShoppingMain  - 2) customer login
[main] 2021-08-16 23:47:17 INFO  com.gauravshopping.main.OnlineShoppingMain  - 3) register an customer
[main] 2021-08-16 23:47:17 INFO  com.gauravshopping.main.OnlineShoppingMain  - 4)  exit
[main] 2021-08-16 23:47:18 INFO  com.gauravshopping.main.OnlineShoppingMain  - 
 please register an customer with below details
[main] 2021-08-16 23:47:18 INFO  com.gauravshopping.main.OnlineShoppingMain  - 
 please enter an customer id
[main] 2021-08-16 23:47:19 INFO  com.gauravshopping.main.OnlineShoppingMain  - 
 please enter fisrtname
[main] 2021-08-16 23:47:22 INFO  com.gauravshopping.main.OnlineShoppingMain  - 
 please enter lastname
[main] 2021-08-16 23:47:26 INFO  com.gauravshopping.main.OnlineShoppingMain  - 
  please enter email
[main] 2021-08-16 23:47:33 INFO  com.gauravshopping.main.OnlineShoppingMain  - 
 please enter password
[main] 2021-08-16 23:47:36 INFO  com.gauravshopping.main.OnlineShoppingMain  - invalid email kgm@gmail.complease enter valid email
[main] 2021-08-16 23:47:36 INFO  com.gauravshopping.main.OnlineShoppingMain  - 1) employee login
[main] 2021-08-16 23:47:36 INFO  com.gauravshopping.main.OnlineShoppingMain  - 2) customer login
[main] 2021-08-16 23:47:36 INFO  com.gauravshopping.main.OnlineShoppingMain  - 3) register an customer
[main] 2021-08-16 23:47:36 INFO  com.gauravshopping.main.OnlineShoppingMain  - 4)  exit
[main] 2021-08-16 23:49:27 INFO  com.gauravshopping.main.OnlineShoppingMain  - 
 Hi welcome to the menu driven app for online shopping we have new products and good quantity also the quality asurance as well
[main] 2021-08-16 23:49:27 INFO  com.gauravshopping.main.OnlineShoppingMain  - ========================================================
[main] 2021-08-16 23:49:27 INFO  com.gauravshopping.main.OnlineShoppingMain  - 1) employee login
[main] 2021-08-16 23:49:27 INFO  com.gauravshopping.main.OnlineShoppingMain  - 2) customer login
[main] 2021-08-16 23:49:27 INFO  com.gauravshopping.main.OnlineShoppingMain  - 3) register an customer
[main] 2021-08-16 23:49:27 INFO  com.gauravshopping.main.OnlineShoppingMain  - 4)  exit
[main] 2021-08-16 23:49:29 INFO  com.gauravshopping.main.OnlineShoppingMain  - 
 please register an customer with below details
[main] 2021-08-16 23:49:29 INFO  com.gauravshopping.main.OnlineShoppingMain  - 
 please enter an customer id
[main] 2021-08-16 23:49:31 INFO  com.gauravshopping.main.OnlineShoppingMain  - 
 please enter fisrtname
[main] 2021-08-16 23:49:34 INFO  com.gauravshopping.main.OnlineShoppingMain  - 
 please enter lastname
[main] 2021-08-16 23:49:36 INFO  com.gauravshopping.main.OnlineShoppingMain  - 
  please enter email
[main] 2021-08-16 23:49:42 INFO  com.gauravshopping.main.OnlineShoppingMain  - 
 please enter password
[main] 2021-08-16 23:49:45 INFO  com.gauravshopping.main.OnlineShoppingMain  - invalid email kgm@gmail.complease enter valid email
[main] 2021-08-16 23:49:45 INFO  com.gauravshopping.main.OnlineShoppingMain  - 1) employee login
[main] 2021-08-16 23:49:45 INFO  com.gauravshopping.main.OnlineShoppingMain  - 2) customer login
[main] 2021-08-16 23:49:45 INFO  com.gauravshopping.main.OnlineShoppingMain  - 3) register an customer
[main] 2021-08-16 23:49:45 INFO  com.gauravshopping.main.OnlineShoppingMain  - 4)  exit
[main] 2021-08-16 23:50:11 INFO  com.gauravshopping.main.OnlineShoppingMain  - 
 Hi welcome to the menu driven app for online shopping we have new products and good quantity also the quality asurance as well
[main] 2021-08-16 23:50:11 INFO  com.gauravshopping.main.OnlineShoppingMain  - ========================================================
[main] 2021-08-16 23:50:11 INFO  com.gauravshopping.main.OnlineShoppingMain  - 1) employee login
[main] 2021-08-16 23:50:11 INFO  com.gauravshopping.main.OnlineShoppingMain  - 2) customer login
[main] 2021-08-16 23:50:11 INFO  com.gauravshopping.main.OnlineShoppingMain  - 3) register an customer
[main] 2021-08-16 23:50:11 INFO  com.gauravshopping.main.OnlineShoppingMain  - 4)  exit
[main] 2021-08-16 23:50:14 INFO  com.gauravshopping.main.OnlineShoppingMain  - 
 please register an customer with below details
[main] 2021-08-16 23:50:14 INFO  com.gauravshopping.main.OnlineShoppingMain  - 
 please enter an customer id
[main] 2021-08-16 23:50:15 INFO  com.gauravshopping.main.OnlineShoppingMain  - 
 please enter fisrtname
[main] 2021-08-16 23:50:17 INFO  com.gauravshopping.main.OnlineShoppingMain  - 
 please enter lastname
[main] 2021-08-16 23:50:19 INFO  com.gauravshopping.main.OnlineShoppingMain  - 
  please enter email
[main] 2021-08-16 23:50:23 INFO  com.gauravshopping.main.OnlineShoppingMain  - 
 please enter password
[main] 2021-08-16 23:50:26 INFO  com.gauravshopping.main.OnlineShoppingMain  - invalid email gauravaaplease enter valid email
[main] 2021-08-16 23:50:26 INFO  com.gauravshopping.main.OnlineShoppingMain  - 1) employee login
[main] 2021-08-16 23:50:26 INFO  com.gauravshopping.main.OnlineShoppingMain  - 2) customer login
[main] 2021-08-16 23:50:26 INFO  com.gauravshopping.main.OnlineShoppingMain  - 3) register an customer
[main] 2021-08-16 23:50:26 INFO  com.gauravshopping.main.OnlineShoppingMain  - 4)  exit
[main] 2021-08-16 23:50:47 INFO  com.gauravshopping.main.OnlineShoppingMain  - 
 Hi welcome to the menu driven app for online shopping we have new products and good quantity also the quality asurance as well
[main] 2021-08-16 23:50:47 INFO  com.gauravshopping.main.OnlineShoppingMain  - ========================================================
[main] 2021-08-16 23:50:47 INFO  com.gauravshopping.main.OnlineShoppingMain  - 1) employee login
[main] 2021-08-16 23:50:47 INFO  com.gauravshopping.main.OnlineShoppingMain  - 2) customer login
[main] 2021-08-16 23:50:47 INFO  com.gauravshopping.main.OnlineShoppingMain  - 3) register an customer
[main] 2021-08-16 23:50:47 INFO  com.gauravshopping.main.OnlineShoppingMain  - 4)  exit
[main] 2021-08-16 23:50:49 INFO  com.gauravshopping.main.OnlineShoppingMain  - 
 please register an customer with below details
[main] 2021-08-16 23:50:49 INFO  com.gauravshopping.main.OnlineShoppingMain  - 
 please enter an customer id
[main] 2021-08-16 23:50:50 INFO  com.gauravshopping.main.OnlineShoppingMain  - 
 please enter fisrtname
[main] 2021-08-16 23:50:52 INFO  com.gauravshopping.main.OnlineShoppingMain  - 
 please enter lastname
[main] 2021-08-16 23:50:54 INFO  com.gauravshopping.main.OnlineShoppingMain  - 
  please enter email
[main] 2021-08-16 23:51:02 INFO  com.gauravshopping.main.OnlineShoppingMain  - 
 please enter password
[main] 2021-08-16 23:51:06 INFO  com.gauravshopping.main.OnlineShoppingMain  - invalid email kgauravplease enter valid email
[main] 2021-08-16 23:51:06 INFO  com.gauravshopping.main.OnlineShoppingMain  - 1) employee login
[main] 2021-08-16 23:51:06 INFO  com.gauravshopping.main.OnlineShoppingMain  - 2) customer login
[main] 2021-08-16 23:51:06 INFO  com.gauravshopping.main.OnlineShoppingMain  - 3) register an customer
[main] 2021-08-16 23:51:06 INFO  com.gauravshopping.main.OnlineShoppingMain  - 4)  exit
[main] 2021-08-16 23:52:11 INFO  com.gauravshopping.main.OnlineShoppingMain  - 
 Hi welcome to the menu driven app for online shopping we have new products and good quantity also the quality asurance as well
[main] 2021-08-16 23:52:11 INFO  com.gauravshopping.main.OnlineShoppingMain  - ========================================================
[main] 2021-08-16 23:52:11 INFO  com.gauravshopping.main.OnlineShoppingMain  - 1) employee login
[main] 2021-08-16 23:52:11 INFO  com.gauravshopping.main.OnlineShoppingMain  - 2) customer login
[main] 2021-08-16 23:52:11 INFO  com.gauravshopping.main.OnlineShoppingMain  - 3) register an customer
[main] 2021-08-16 23:52:11 INFO  com.gauravshopping.main.OnlineShoppingMain  - 4)  exit
[main] 2021-08-16 23:52:14 INFO  com.gauravshopping.main.OnlineShoppingMain  - 
 please register an customer with below details
[main] 2021-08-16 23:52:14 INFO  com.gauravshopping.main.OnlineShoppingMain  - 
 please enter an customer id
[main] 2021-08-16 23:52:18 INFO  com.gauravshopping.main.OnlineShoppingMain  - 
 please enter fisrtname
[main] 2021-08-16 23:52:20 INFO  com.gauravshopping.main.OnlineShoppingMain  - 
 please enter lastname
[main] 2021-08-16 23:52:21 INFO  com.gauravshopping.main.OnlineShoppingMain  - 
  please enter email
[main] 2021-08-16 23:52:22 INFO  com.gauravshopping.main.OnlineShoppingMain  - 
 please enter password
[main] 2021-08-16 23:52:24 INFO  com.gauravshopping.main.OnlineShoppingMain  - invalid customer firstname dfhdsfbplease give valid fisrtname
[main] 2021-08-16 23:52:24 INFO  com.gauravshopping.main.OnlineShoppingMain  - 1) employee login
[main] 2021-08-16 23:52:24 INFO  com.gauravshopping.main.OnlineShoppingMain  - 2) customer login
[main] 2021-08-16 23:52:24 INFO  com.gauravshopping.main.OnlineShoppingMain  - 3) register an customer
[main] 2021-08-16 23:52:24 INFO  com.gauravshopping.main.OnlineShoppingMain  - 4)  exit
[main] 2021-08-16 23:52:42 INFO  com.gauravshopping.main.OnlineShoppingMain  - 
 Hi welcome to the menu driven app for online shopping we have new products and good quantity also the quality asurance as well
[main] 2021-08-16 23:52:42 INFO  com.gauravshopping.main.OnlineShoppingMain  - ========================================================
[main] 2021-08-16 23:52:42 INFO  com.gauravshopping.main.OnlineShoppingMain  - 1) employee login
[main] 2021-08-16 23:52:42 INFO  com.gauravshopping.main.OnlineShoppingMain  - 2) customer login
[main] 2021-08-16 23:52:42 INFO  com.gauravshopping.main.OnlineShoppingMain  - 3) register an customer
[main] 2021-08-16 23:52:42 INFO  com.gauravshopping.main.OnlineShoppingMain  - 4)  exit
[main] 2021-08-16 23:52:44 INFO  com.gauravshopping.main.OnlineShoppingMain  - 
 please register an customer with below details
[main] 2021-08-16 23:52:44 INFO  com.gauravshopping.main.OnlineShoppingMain  - 
 please enter an customer id
[main] 2021-08-16 23:52:46 INFO  com.gauravshopping.main.OnlineShoppingMain  - 
 please enter fisrtname
[main] 2021-08-16 23:52:48 INFO  com.gauravshopping.main.OnlineShoppingMain  - 
 please enter lastname
[main] 2021-08-16 23:52:51 INFO  com.gauravshopping.main.OnlineShoppingMain  - 
  please enter email
[main] 2021-08-16 23:52:53 INFO  com.gauravshopping.main.OnlineShoppingMain  - 
 please enter password
[main] 2021-08-16 23:52:54 INFO  com.gauravshopping.main.OnlineShoppingMain  - invalid customer firstname dfhbdfhbhdplease give valid fisrtname
[main] 2021-08-16 23:52:54 INFO  com.gauravshopping.main.OnlineShoppingMain  - 1) employee login
[main] 2021-08-16 23:52:54 INFO  com.gauravshopping.main.OnlineShoppingMain  - 2) customer login
[main] 2021-08-16 23:52:54 INFO  com.gauravshopping.main.OnlineShoppingMain  - 3) register an customer
[main] 2021-08-16 23:52:54 INFO  com.gauravshopping.main.OnlineShoppingMain  - 4)  exit
[main] 2021-08-16 23:53:44 INFO  com.gauravshopping.main.OnlineShoppingMain  - 
 Hi welcome to the menu driven app for online shopping we have new products and good quantity also the quality asurance as well
[main] 2021-08-16 23:53:44 INFO  com.gauravshopping.main.OnlineShoppingMain  - ========================================================
[main] 2021-08-16 23:53:44 INFO  com.gauravshopping.main.OnlineShoppingMain  - 1) employee login
[main] 2021-08-16 23:53:44 INFO  com.gauravshopping.main.OnlineShoppingMain  - 2) customer login
[main] 2021-08-16 23:53:44 INFO  com.gauravshopping.main.OnlineShoppingMain  - 3) register an customer
[main] 2021-08-16 23:53:44 INFO  com.gauravshopping.main.OnlineShoppingMain  - 4)  exit
[main] 2021-08-16 23:53:47 INFO  com.gauravshopping.main.OnlineShoppingMain  - 
 please register an customer with below details
[main] 2021-08-16 23:53:47 INFO  com.gauravshopping.main.OnlineShoppingMain  - 
 please enter an customer id
[main] 2021-08-16 23:53:48 INFO  com.gauravshopping.main.OnlineShoppingMain  - 
 please enter fisrtname
[main] 2021-08-16 23:53:50 INFO  com.gauravshopping.main.OnlineShoppingMain  - 
 please enter lastname
[main] 2021-08-16 23:53:53 INFO  com.gauravshopping.main.OnlineShoppingMain  - 
  please enter email
[main] 2021-08-16 23:53:58 INFO  com.gauravshopping.main.OnlineShoppingMain  - 
 please enter password
[main] 2021-08-16 23:54:02 INFO  com.gauravshopping.main.OnlineShoppingMain  - invalid email ahinakkAplease enter valid email
[main] 2021-08-16 23:54:02 INFO  com.gauravshopping.main.OnlineShoppingMain  - 1) employee login
[main] 2021-08-16 23:54:02 INFO  com.gauravshopping.main.OnlineShoppingMain  - 2) customer login
[main] 2021-08-16 23:54:02 INFO  com.gauravshopping.main.OnlineShoppingMain  - 3) register an customer
[main] 2021-08-16 23:54:02 INFO  com.gauravshopping.main.OnlineShoppingMain  - 4)  exit
[main] 2021-08-16 23:55:10 INFO  com.gauravshopping.main.OnlineShoppingMain  - 
 Hi welcome to the menu driven app for online shopping we have new products and good quantity also the quality asurance as well
[main] 2021-08-16 23:55:10 INFO  com.gauravshopping.main.OnlineShoppingMain  - ========================================================
[main] 2021-08-16 23:55:10 INFO  com.gauravshopping.main.OnlineShoppingMain  - 1) employee login
[main] 2021-08-16 23:55:10 INFO  com.gauravshopping.main.OnlineShoppingMain  - 2) customer login
[main] 2021-08-16 23:55:10 INFO  com.gauravshopping.main.OnlineShoppingMain  - 3) register an customer
[main] 2021-08-16 23:55:10 INFO  com.gauravshopping.main.OnlineShoppingMain  - 4)  exit
[main] 2021-08-16 23:55:12 INFO  com.gauravshopping.main.OnlineShoppingMain  - 
 please register an customer with below details
[main] 2021-08-16 23:55:12 INFO  com.gauravshopping.main.OnlineShoppingMain  - 
 please enter an customer id
[main] 2021-08-16 23:55:13 INFO  com.gauravshopping.main.OnlineShoppingMain  - 
 please enter fisrtname
[main] 2021-08-16 23:55:16 INFO  com.gauravshopping.main.OnlineShoppingMain  - 
 please enter lastname
[main] 2021-08-16 23:55:18 INFO  com.gauravshopping.main.OnlineShoppingMain  - 
  please enter email
[main] 2021-08-16 23:55:24 INFO  com.gauravshopping.main.OnlineShoppingMain  - 
 please enter password
[main] 2021-08-16 23:55:27 INFO  com.gauravshopping.main.OnlineShoppingMain  - invalid password 123456please enter valid password
[main] 2021-08-16 23:55:27 INFO  com.gauravshopping.main.OnlineShoppingMain  - 1) employee login
[main] 2021-08-16 23:55:27 INFO  com.gauravshopping.main.OnlineShoppingMain  - 2) customer login
[main] 2021-08-16 23:55:27 INFO  com.gauravshopping.main.OnlineShoppingMain  - 3) register an customer
[main] 2021-08-16 23:55:27 INFO  com.gauravshopping.main.OnlineShoppingMain  - 4)  exit
[main] 2021-08-16 23:55:45 INFO  com.gauravshopping.main.OnlineShoppingMain  - 
 Hi welcome to the menu driven app for online shopping we have new products and good quantity also the quality asurance as well
[main] 2021-08-16 23:55:45 INFO  com.gauravshopping.main.OnlineShoppingMain  - ========================================================
[main] 2021-08-16 23:55:45 INFO  com.gauravshopping.main.OnlineShoppingMain  - 1) employee login
[main] 2021-08-16 23:55:45 INFO  com.gauravshopping.main.OnlineShoppingMain  - 2) customer login
[main] 2021-08-16 23:55:45 INFO  com.gauravshopping.main.OnlineShoppingMain  - 3) register an customer
[main] 2021-08-16 23:55:45 INFO  com.gauravshopping.main.OnlineShoppingMain  - 4)  exit
[main] 2021-08-16 23:55:49 INFO  com.gauravshopping.main.OnlineShoppingMain  - 
 please register an customer with below details
[main] 2021-08-16 23:55:49 INFO  com.gauravshopping.main.OnlineShoppingMain  - 
 please enter an customer id
[main] 2021-08-16 23:55:50 INFO  com.gauravshopping.main.OnlineShoppingMain  - 
 please enter fisrtname
[main] 2021-08-16 23:55:52 INFO  com.gauravshopping.main.OnlineShoppingMain  - 
 please enter lastname
[main] 2021-08-16 23:55:54 INFO  com.gauravshopping.main.OnlineShoppingMain  - 
  please enter email
[main] 2021-08-16 23:56:00 INFO  com.gauravshopping.main.OnlineShoppingMain  - 
 please enter password
[main] 2021-08-16 23:56:09 INFO  com.gauravshopping.main.OnlineShoppingMain  - invalid customer firstname gauravplease give valid fisrtname
[main] 2021-08-16 23:56:09 INFO  com.gauravshopping.main.OnlineShoppingMain  - 1) employee login
[main] 2021-08-16 23:56:09 INFO  com.gauravshopping.main.OnlineShoppingMain  - 2) customer login
[main] 2021-08-16 23:56:09 INFO  com.gauravshopping.main.OnlineShoppingMain  - 3) register an customer
[main] 2021-08-16 23:56:09 INFO  com.gauravshopping.main.OnlineShoppingMain  - 4)  exit
[main] 2021-08-16 23:56:23 INFO  com.gauravshopping.main.OnlineShoppingMain  - 
 Hi welcome to the menu driven app for online shopping we have new products and good quantity also the quality asurance as well
[main] 2021-08-16 23:56:23 INFO  com.gauravshopping.main.OnlineShoppingMain  - ========================================================
[main] 2021-08-16 23:56:23 INFO  com.gauravshopping.main.OnlineShoppingMain  - 1) employee login
[main] 2021-08-16 23:56:23 INFO  com.gauravshopping.main.OnlineShoppingMain  - 2) customer login
[main] 2021-08-16 23:56:23 INFO  com.gauravshopping.main.OnlineShoppingMain  - 3) register an customer
[main] 2021-08-16 23:56:23 INFO  com.gauravshopping.main.OnlineShoppingMain  - 4)  exit
[main] 2021-08-16 23:56:24 INFO  com.gauravshopping.main.OnlineShoppingMain  - 
 please register an customer with below details
[main] 2021-08-16 23:56:24 INFO  com.gauravshopping.main.OnlineShoppingMain  - 
 please enter an customer id
[main] 2021-08-16 23:56:26 INFO  com.gauravshopping.main.OnlineShoppingMain  - 
 please enter fisrtname
[main] 2021-08-16 23:56:29 INFO  com.gauravshopping.main.OnlineShoppingMain  - 
 please enter lastname
[main] 2021-08-16 23:56:31 INFO  com.gauravshopping.main.OnlineShoppingMain  - 
  please enter email
[main] 2021-08-16 23:56:40 INFO  com.gauravshopping.main.OnlineShoppingMain  - 
 please enter password
[main] 2021-08-16 23:56:48 WARN  com.gauravshopping.dao.impl.CustomerDaoImpl  - 
 invalid details please contact to the system admin they will reach you out
[main] 2021-08-16 23:56:48 INFO  com.gauravshopping.main.OnlineShoppingMain  - 1) employee login
[main] 2021-08-16 23:56:48 INFO  com.gauravshopping.main.OnlineShoppingMain  - 2) customer login
[main] 2021-08-16 23:56:48 INFO  com.gauravshopping.main.OnlineShoppingMain  - 3) register an customer
[main] 2021-08-16 23:56:48 INFO  com.gauravshopping.main.OnlineShoppingMain  - 4)  exit
[main] 2021-08-16 23:57:21 INFO  com.gauravshopping.main.OnlineShoppingMain  - 
 Hi welcome to the menu driven app for online shopping we have new products and good quantity also the quality asurance as well
[main] 2021-08-16 23:57:21 INFO  com.gauravshopping.main.OnlineShoppingMain  - ========================================================
[main] 2021-08-16 23:57:21 INFO  com.gauravshopping.main.OnlineShoppingMain  - 1) employee login
[main] 2021-08-16 23:57:21 INFO  com.gauravshopping.main.OnlineShoppingMain  - 2) customer login
[main] 2021-08-16 23:57:21 INFO  com.gauravshopping.main.OnlineShoppingMain  - 3) register an customer
[main] 2021-08-16 23:57:21 INFO  com.gauravshopping.main.OnlineShoppingMain  - 4)  exit
[main] 2021-08-16 23:57:23 INFO  com.gauravshopping.main.OnlineShoppingMain  - 
 please register an customer with below details
[main] 2021-08-16 23:57:23 INFO  com.gauravshopping.main.OnlineShoppingMain  - 
 please enter an customer id
[main] 2021-08-16 23:57:24 INFO  com.gauravshopping.main.OnlineShoppingMain  - 
 please enter fisrtname
[main] 2021-08-16 23:57:26 INFO  com.gauravshopping.main.OnlineShoppingMain  - 
 please enter lastname
[main] 2021-08-16 23:57:28 INFO  com.gauravshopping.main.OnlineShoppingMain  - 
  please enter email
[main] 2021-08-16 23:57:34 INFO  com.gauravshopping.main.OnlineShoppingMain  - 
 please enter password
[main] 2021-08-16 23:57:39 WARN  com.gauravshopping.dao.impl.CustomerDaoImpl  - 
 invalid details please contact to the system admin they will reach you out
[main] 2021-08-16 23:57:39 INFO  com.gauravshopping.main.OnlineShoppingMain  - 1) employee login
[main] 2021-08-16 23:57:39 INFO  com.gauravshopping.main.OnlineShoppingMain  - 2) customer login
[main] 2021-08-16 23:57:39 INFO  com.gauravshopping.main.OnlineShoppingMain  - 3) register an customer
[main] 2021-08-16 23:57:39 INFO  com.gauravshopping.main.OnlineShoppingMain  - 4)  exit
[main] 2021-08-16 23:58:17 INFO  com.gauravshopping.main.OnlineShoppingMain  - 
 Hi welcome to the menu driven app for online shopping we have new products and good quantity also the quality asurance as well
[main] 2021-08-16 23:58:17 INFO  com.gauravshopping.main.OnlineShoppingMain  - ========================================================
[main] 2021-08-16 23:58:17 INFO  com.gauravshopping.main.OnlineShoppingMain  - 1) employee login
[main] 2021-08-16 23:58:17 INFO  com.gauravshopping.main.OnlineShoppingMain  - 2) customer login
[main] 2021-08-16 23:58:17 INFO  com.gauravshopping.main.OnlineShoppingMain  - 3) register an customer
[main] 2021-08-16 23:58:17 INFO  com.gauravshopping.main.OnlineShoppingMain  - 4)  exit
[main] 2021-08-16 23:58:18 INFO  com.gauravshopping.main.OnlineShoppingMain  - 
 please register an customer with below details
[main] 2021-08-16 23:58:18 INFO  com.gauravshopping.main.OnlineShoppingMain  - 
 please enter an customer id
[main] 2021-08-16 23:58:20 INFO  com.gauravshopping.main.OnlineShoppingMain  - 
 please enter fisrtname
[main] 2021-08-16 23:58:22 INFO  com.gauravshopping.main.OnlineShoppingMain  - 
 please enter lastname
[main] 2021-08-16 23:58:24 INFO  com.gauravshopping.main.OnlineShoppingMain  - 
  please enter email
[main] 2021-08-16 23:58:28 INFO  com.gauravshopping.main.OnlineShoppingMain  - 
 please enter password
[main] 2021-08-16 23:58:33 WARN  com.gauravshopping.dao.impl.CustomerDaoImpl  - 
 invalid details please contact to the system admin they will reach you out
[main] 2021-08-16 23:58:33 INFO  com.gauravshopping.main.OnlineShoppingMain  - 1) employee login
[main] 2021-08-16 23:58:33 INFO  com.gauravshopping.main.OnlineShoppingMain  - 2) customer login
[main] 2021-08-16 23:58:33 INFO  com.gauravshopping.main.OnlineShoppingMain  - 3) register an customer
[main] 2021-08-16 23:58:33 INFO  com.gauravshopping.main.OnlineShoppingMain  - 4)  exit
[main] 2021-08-16 23:59:03 INFO  com.gauravshopping.main.OnlineShoppingMain  - 
 Hi welcome to the menu driven app for online shopping we have new products and good quantity also the quality asurance as well
[main] 2021-08-16 23:59:03 INFO  com.gauravshopping.main.OnlineShoppingMain  - ========================================================
[main] 2021-08-16 23:59:03 INFO  com.gauravshopping.main.OnlineShoppingMain  - 1) employee login
[main] 2021-08-16 23:59:03 INFO  com.gauravshopping.main.OnlineShoppingMain  - 2) customer login
[main] 2021-08-16 23:59:03 INFO  com.gauravshopping.main.OnlineShoppingMain  - 3) register an customer
[main] 2021-08-16 23:59:03 INFO  com.gauravshopping.main.OnlineShoppingMain  - 4)  exit
[main] 2021-08-16 23:59:04 INFO  com.gauravshopping.main.OnlineShoppingMain  - 
 please register an customer with below details
[main] 2021-08-16 23:59:04 INFO  com.gauravshopping.main.OnlineShoppingMain  - 
 please enter an customer id
[main] 2021-08-16 23:59:05 INFO  com.gauravshopping.main.OnlineShoppingMain  - 
 please enter fisrtname
[main] 2021-08-16 23:59:08 INFO  com.gauravshopping.main.OnlineShoppingMain  - 
 please enter lastname
[main] 2021-08-16 23:59:10 INFO  com.gauravshopping.main.OnlineShoppingMain  - 
  please enter email
[main] 2021-08-16 23:59:15 INFO  com.gauravshopping.main.OnlineShoppingMain  - 
 please enter password
[main] 2021-08-16 23:59:21 WARN  com.gauravshopping.dao.impl.CustomerDaoImpl  - 
 invalid details please contact to the system admin they will reach you out
[main] 2021-08-16 23:59:21 INFO  com.gauravshopping.main.OnlineShoppingMain  - 1) employee login
[main] 2021-08-16 23:59:21 INFO  com.gauravshopping.main.OnlineShoppingMain  - 2) customer login
[main] 2021-08-16 23:59:21 INFO  com.gauravshopping.main.OnlineShoppingMain  - 3) register an customer
[main] 2021-08-16 23:59:21 INFO  com.gauravshopping.main.OnlineShoppingMain  - 4)  exit
[main] 2021-08-17 00:00:14 INFO  com.gauravshopping.main.OnlineShoppingMain  - 
 Hi welcome to the menu driven app for online shopping we have new products and good quantity also the quality asurance as well
[main] 2021-08-17 00:00:14 INFO  com.gauravshopping.main.OnlineShoppingMain  - ========================================================
[main] 2021-08-17 00:00:14 INFO  com.gauravshopping.main.OnlineShoppingMain  - 1) employee login
[main] 2021-08-17 00:00:14 INFO  com.gauravshopping.main.OnlineShoppingMain  - 2) customer login
[main] 2021-08-17 00:00:14 INFO  com.gauravshopping.main.OnlineShoppingMain  - 3) register an customer
[main] 2021-08-17 00:00:14 INFO  com.gauravshopping.main.OnlineShoppingMain  - 4)  exit
[main] 2021-08-17 00:00:16 INFO  com.gauravshopping.main.OnlineShoppingMain  - 
 please register an customer with below details
[main] 2021-08-17 00:00:16 INFO  com.gauravshopping.main.OnlineShoppingMain  - 
 please enter an customer id
[main] 2021-08-17 00:00:17 INFO  com.gauravshopping.main.OnlineShoppingMain  - 
 please enter fisrtname
[main] 2021-08-17 00:00:18 INFO  com.gauravshopping.main.OnlineShoppingMain  - 
 please enter lastname
[main] 2021-08-17 00:00:20 INFO  com.gauravshopping.main.OnlineShoppingMain  - 
  please enter email
[main] 2021-08-17 00:00:25 INFO  com.gauravshopping.main.OnlineShoppingMain  - 
 please enter password
[main] 2021-08-17 00:00:29 WARN  com.gauravshopping.dao.impl.CustomerDaoImpl  - 
 invalid details please contact to the system admin they will reach you out
[main] 2021-08-17 00:00:29 INFO  com.gauravshopping.main.OnlineShoppingMain  - 1) employee login
[main] 2021-08-17 00:00:29 INFO  com.gauravshopping.main.OnlineShoppingMain  - 2) customer login
[main] 2021-08-17 00:00:29 INFO  com.gauravshopping.main.OnlineShoppingMain  - 3) register an customer
[main] 2021-08-17 00:00:29 INFO  com.gauravshopping.main.OnlineShoppingMain  - 4)  exit
[main] 2021-08-17 00:01:06 INFO  com.gauravshopping.main.OnlineShoppingMain  - 
 Hi welcome to the menu driven app for online shopping we have new products and good quantity also the quality asurance as well
[main] 2021-08-17 00:01:06 INFO  com.gauravshopping.main.OnlineShoppingMain  - ========================================================
[main] 2021-08-17 00:01:06 INFO  com.gauravshopping.main.OnlineShoppingMain  - 1) employee login
[main] 2021-08-17 00:01:06 INFO  com.gauravshopping.main.OnlineShoppingMain  - 2) customer login
[main] 2021-08-17 00:01:06 INFO  com.gauravshopping.main.OnlineShoppingMain  - 3) register an customer
[main] 2021-08-17 00:01:06 INFO  com.gauravshopping.main.OnlineShoppingMain  - 4)  exit
[main] 2021-08-17 00:01:08 INFO  com.gauravshopping.main.OnlineShoppingMain  - 
 please register an customer with below details
[main] 2021-08-17 00:01:08 INFO  com.gauravshopping.main.OnlineShoppingMain  - 
 please enter an customer id
[main] 2021-08-17 00:01:09 INFO  com.gauravshopping.main.OnlineShoppingMain  - 
 please enter fisrtname
[main] 2021-08-17 00:01:11 INFO  com.gauravshopping.main.OnlineShoppingMain  - 
 please enter lastname
[main] 2021-08-17 00:01:14 INFO  com.gauravshopping.main.OnlineShoppingMain  - 
  please enter email
[main] 2021-08-17 00:01:18 INFO  com.gauravshopping.main.OnlineShoppingMain  - 
 please enter password
[main] 2021-08-17 00:01:22 WARN  com.gauravshopping.dao.impl.CustomerDaoImpl  - 
 invalid details please contact to the system admin they will reach you out
[main] 2021-08-17 00:01:22 INFO  com.gauravshopping.main.OnlineShoppingMain  - 1) employee login
[main] 2021-08-17 00:01:22 INFO  com.gauravshopping.main.OnlineShoppingMain  - 2) customer login
[main] 2021-08-17 00:01:22 INFO  com.gauravshopping.main.OnlineShoppingMain  - 3) register an customer
[main] 2021-08-17 00:01:22 INFO  com.gauravshopping.main.OnlineShoppingMain  - 4)  exit
[main] 2021-08-17 00:04:19 INFO  com.gauravshopping.main.OnlineShoppingMain  - 
 Hi welcome to the menu driven app for online shopping we have new products and good quantity also the quality asurance as well
[main] 2021-08-17 00:04:19 INFO  com.gauravshopping.main.OnlineShoppingMain  - ========================================================
[main] 2021-08-17 00:04:19 INFO  com.gauravshopping.main.OnlineShoppingMain  - 1) employee login
[main] 2021-08-17 00:04:19 INFO  com.gauravshopping.main.OnlineShoppingMain  - 2) customer login
[main] 2021-08-17 00:04:19 INFO  com.gauravshopping.main.OnlineShoppingMain  - 3) register an customer
[main] 2021-08-17 00:04:19 INFO  com.gauravshopping.main.OnlineShoppingMain  - 4)  exit
[main] 2021-08-17 00:04:23 INFO  com.gauravshopping.main.OnlineShoppingMain  - 
 please register an customer with below details
[main] 2021-08-17 00:04:23 INFO  com.gauravshopping.main.OnlineShoppingMain  - 
 please enter an customer id
[main] 2021-08-17 00:04:24 INFO  com.gauravshopping.main.OnlineShoppingMain  - 
 please enter fisrtname
[main] 2021-08-17 00:04:27 INFO  com.gauravshopping.main.OnlineShoppingMain  - 
 please enter lastname
[main] 2021-08-17 00:04:29 INFO  com.gauravshopping.main.OnlineShoppingMain  - 
  please enter email
[main] 2021-08-17 00:04:35 INFO  com.gauravshopping.main.OnlineShoppingMain  - 
 please enter password
[main] 2021-08-17 00:04:38 INFO  com.gauravshopping.main.OnlineShoppingMain  - invalid password 123abcplease enter valid password
[main] 2021-08-17 00:04:38 INFO  com.gauravshopping.main.OnlineShoppingMain  - 1) employee login
[main] 2021-08-17 00:04:38 INFO  com.gauravshopping.main.OnlineShoppingMain  - 2) customer login
[main] 2021-08-17 00:04:38 INFO  com.gauravshopping.main.OnlineShoppingMain  - 3) register an customer
[main] 2021-08-17 00:04:38 INFO  com.gauravshopping.main.OnlineShoppingMain  - 4)  exit
[main] 2021-08-17 00:04:43 INFO  com.gauravshopping.main.OnlineShoppingMain  - 
 Hi welcome to the menu driven app for online shopping we have new products and good quantity also the quality asurance as well
[main] 2021-08-17 00:04:43 INFO  com.gauravshopping.main.OnlineShoppingMain  - ========================================================
[main] 2021-08-17 00:04:43 INFO  com.gauravshopping.main.OnlineShoppingMain  - 1) employee login
[main] 2021-08-17 00:04:43 INFO  com.gauravshopping.main.OnlineShoppingMain  - 2) customer login
[main] 2021-08-17 00:04:43 INFO  com.gauravshopping.main.OnlineShoppingMain  - 3) register an customer
[main] 2021-08-17 00:04:43 INFO  com.gauravshopping.main.OnlineShoppingMain  - 4)  exit
[main] 2021-08-17 00:04:45 INFO  com.gauravshopping.main.OnlineShoppingMain  - 
 please register an customer with below details
[main] 2021-08-17 00:04:45 INFO  com.gauravshopping.main.OnlineShoppingMain  - 
 please enter an customer id
[main] 2021-08-17 00:04:46 INFO  com.gauravshopping.main.OnlineShoppingMain  - 
 please enter fisrtname
[main] 2021-08-17 00:04:50 INFO  com.gauravshopping.main.OnlineShoppingMain  - 
 please enter lastname
[main] 2021-08-17 00:04:52 INFO  com.gauravshopping.main.OnlineShoppingMain  - 
  please enter email
[main] 2021-08-17 00:04:56 INFO  com.gauravshopping.main.OnlineShoppingMain  - 
 please enter password
[main] 2021-08-17 00:05:02 WARN  com.gauravshopping.dao.impl.CustomerDaoImpl  - 
 invalid details please contact to the system admin they will reach you out
[main] 2021-08-17 00:05:02 INFO  com.gauravshopping.main.OnlineShoppingMain  - 1) employee login
[main] 2021-08-17 00:05:02 INFO  com.gauravshopping.main.OnlineShoppingMain  - 2) customer login
[main] 2021-08-17 00:05:02 INFO  com.gauravshopping.main.OnlineShoppingMain  - 3) register an customer
[main] 2021-08-17 00:05:02 INFO  com.gauravshopping.main.OnlineShoppingMain  - 4)  exit
[main] 2021-08-17 00:12:10 INFO  com.gauravshopping.main.OnlineShoppingMain  - 
 Hi welcome to the menu driven app for online shopping we have new products and good quantity also the quality asurance as well
[main] 2021-08-17 00:12:10 INFO  com.gauravshopping.main.OnlineShoppingMain  - ========================================================
[main] 2021-08-17 00:12:11 INFO  com.gauravshopping.main.OnlineShoppingMain  - 1) employee login
[main] 2021-08-17 00:12:11 INFO  com.gauravshopping.main.OnlineShoppingMain  - 2) customer login
[main] 2021-08-17 00:12:11 INFO  com.gauravshopping.main.OnlineShoppingMain  - 3) register an customer
[main] 2021-08-17 00:12:11 INFO  com.gauravshopping.main.OnlineShoppingMain  - 4)  exit
[main] 2021-08-17 00:12:12 INFO  com.gauravshopping.main.OnlineShoppingMain  - 
 please register an customer with below details
[main] 2021-08-17 00:12:12 INFO  com.gauravshopping.main.OnlineShoppingMain  - 
 please enter an customer id
[main] 2021-08-17 00:12:13 INFO  com.gauravshopping.main.OnlineShoppingMain  - 
 please enter fisrtname
[main] 2021-08-17 00:12:16 INFO  com.gauravshopping.main.OnlineShoppingMain  - 
 please enter lastname
[main] 2021-08-17 00:12:17 INFO  com.gauravshopping.main.OnlineShoppingMain  - 
  please enter email
[main] 2021-08-17 00:12:22 INFO  com.gauravshopping.main.OnlineShoppingMain  - 
 please enter password
[main] 2021-08-17 00:12:26 INFO  com.gauravshopping.dao.impl.CustomerDaoImpl  - 
 successfully inserted  in the database 1
[main] 2021-08-17 00:12:26 INFO  com.gauravshopping.main.OnlineShoppingMain  - 
 custmer is registered successfully
[main] 2021-08-17 00:12:26 INFO  com.gauravshopping.main.OnlineShoppingMain  - Customer [customer_id=3, first_name=gaurav2, last_name=kesa2, email=kesa@gmail.com, password=abc123456]
[main] 2021-08-17 00:12:26 INFO  com.gauravshopping.main.OnlineShoppingMain  - 1) employee login
[main] 2021-08-17 00:12:26 INFO  com.gauravshopping.main.OnlineShoppingMain  - 2) customer login
[main] 2021-08-17 00:12:26 INFO  com.gauravshopping.main.OnlineShoppingMain  - 3) register an customer
[main] 2021-08-17 00:12:26 INFO  com.gauravshopping.main.OnlineShoppingMain  - 4)  exit
[main] 2021-08-17 00:14:40 INFO  com.gauravshopping.main.OnlineShoppingMain  - 
 Hi welcome to the menu driven app for online shopping we have new products and good quantity also the quality asurance as well
[main] 2021-08-17 00:14:40 INFO  com.gauravshopping.main.OnlineShoppingMain  - ========================================================
[main] 2021-08-17 00:14:40 INFO  com.gauravshopping.main.OnlineShoppingMain  - 1) employee login
[main] 2021-08-17 00:14:40 INFO  com.gauravshopping.main.OnlineShoppingMain  - 2) customer login
[main] 2021-08-17 00:14:40 INFO  com.gauravshopping.main.OnlineShoppingMain  - 3) register an customer
[main] 2021-08-17 00:14:40 INFO  com.gauravshopping.main.OnlineShoppingMain  - 4)  exit
[main] 2021-08-17 00:14:42 INFO  com.gauravshopping.main.OnlineShoppingMain  - 
 please register an customer with below details
[main] 2021-08-17 00:14:42 INFO  com.gauravshopping.main.OnlineShoppingMain  - 
 please enter an customer id
[main] 2021-08-17 00:14:44 INFO  com.gauravshopping.main.OnlineShoppingMain  - 
 please enter fisrtname
[main] 2021-08-17 00:14:47 INFO  com.gauravshopping.main.OnlineShoppingMain  - 
 please enter lastname
[main] 2021-08-17 00:14:50 INFO  com.gauravshopping.main.OnlineShoppingMain  - 
  please enter email
[main] 2021-08-17 00:14:56 INFO  com.gauravshopping.main.OnlineShoppingMain  - 
 please enter password
[main] 2021-08-17 00:15:04 INFO  com.gauravshopping.dao.impl.CustomerDaoImpl  - 
 successfully inserted  in the database 1
[main] 2021-08-17 00:15:04 INFO  com.gauravshopping.main.OnlineShoppingMain  - 
 custmer is registered successfully
[main] 2021-08-17 00:15:04 INFO  com.gauravshopping.main.OnlineShoppingMain  - Customer [customer_id=4, first_name=gaurav2, last_name=kesa3, email=kesa1@gmail.com, password=abcde123456]
[main] 2021-08-17 00:15:04 INFO  com.gauravshopping.main.OnlineShoppingMain  - 1) employee login
[main] 2021-08-17 00:15:04 INFO  com.gauravshopping.main.OnlineShoppingMain  - 2) customer login
[main] 2021-08-17 00:15:04 INFO  com.gauravshopping.main.OnlineShoppingMain  - 3) register an customer
[main] 2021-08-17 00:15:04 INFO  com.gauravshopping.main.OnlineShoppingMain  - 4)  exit
[main] 2021-08-17 01:13:00 INFO  com.gauravshopping.main.OnlineShoppingMain  - 
 bye customers thanks for visting our app please visit again and give us feedback so that we can improve
[main] 2021-08-17 01:13:56 INFO  com.gauravshopping.main.OnlineShoppingMain  - 
 Hi welcome to the menu driven app for online shopping we have new products and good quantity also the quality asurance as well
[main] 2021-08-17 01:13:56 INFO  com.gauravshopping.main.OnlineShoppingMain  - ========================================================
[main] 2021-08-17 01:13:56 INFO  com.gauravshopping.main.OnlineShoppingMain  - 1) employee login
[main] 2021-08-17 01:13:56 INFO  com.gauravshopping.main.OnlineShoppingMain  - 2) customer login
[main] 2021-08-17 01:13:56 INFO  com.gauravshopping.main.OnlineShoppingMain  - 3) register an customer
[main] 2021-08-17 01:13:56 INFO  com.gauravshopping.main.OnlineShoppingMain  - 4)  exit
[main] 2021-08-17 01:13:59 INFO  com.gauravshopping.main.OnlineShoppingMain  - 
 plz enter choice between 1 to 4 only
[main] 2021-08-17 01:13:59 INFO  com.gauravshopping.main.OnlineShoppingMain  - 1) employee login
[main] 2021-08-17 01:13:59 INFO  com.gauravshopping.main.OnlineShoppingMain  - 2) customer login
[main] 2021-08-17 01:13:59 INFO  com.gauravshopping.main.OnlineShoppingMain  - 3) register an customer
[main] 2021-08-17 01:13:59 INFO  com.gauravshopping.main.OnlineShoppingMain  - 4)  exit
[main] 2021-08-17 01:14:03 INFO  com.gauravshopping.main.OnlineShoppingMain  - 
 Hi welcome to the menu driven app for online shopping we have new products and good quantity also the quality asurance as well
[main] 2021-08-17 01:14:03 INFO  com.gauravshopping.main.OnlineShoppingMain  - ========================================================
[main] 2021-08-17 01:14:03 INFO  com.gauravshopping.main.OnlineShoppingMain  - 1) employee login
[main] 2021-08-17 01:14:03 INFO  com.gauravshopping.main.OnlineShoppingMain  - 2) customer login
[main] 2021-08-17 01:14:03 INFO  com.gauravshopping.main.OnlineShoppingMain  - 3) register an customer
[main] 2021-08-17 01:14:03 INFO  com.gauravshopping.main.OnlineShoppingMain  - 4)  exit
[main] 2021-08-17 01:14:06 INFO  com.gauravshopping.main.OnlineShoppingMain  - 
 please register an customer with below details
[main] 2021-08-17 01:14:06 INFO  com.gauravshopping.main.OnlineShoppingMain  - 
 please enter an customer id
[main] 2021-08-17 01:14:09 INFO  com.gauravshopping.main.OnlineShoppingMain  - 
 please enter fisrtname
[main] 2021-08-17 01:14:11 INFO  com.gauravshopping.main.OnlineShoppingMain  - 
 please enter lastname
[main] 2021-08-17 01:14:13 INFO  com.gauravshopping.main.OnlineShoppingMain  - 
  please enter email
[main] 2021-08-17 01:14:14 INFO  com.gauravshopping.main.OnlineShoppingMain  - 
 please enter password
[main] 2021-08-17 01:14:15 INFO  com.gauravshopping.main.OnlineShoppingMain  - invalid customer firstname hdsahdsaplease give valid fisrtname
[main] 2021-08-17 01:14:15 INFO  com.gauravshopping.main.OnlineShoppingMain  - 1) employee login
[main] 2021-08-17 01:14:15 INFO  com.gauravshopping.main.OnlineShoppingMain  - 2) customer login
[main] 2021-08-17 01:14:15 INFO  com.gauravshopping.main.OnlineShoppingMain  - 3) register an customer
[main] 2021-08-17 01:14:15 INFO  com.gauravshopping.main.OnlineShoppingMain  - 4)  exit
[main] 2021-08-17 01:15:24 INFO  com.gauravshopping.main.OnlineShoppingMain  - 
 Hi welcome to the menu driven app for online shopping we have new products and good quantity also the quality asurance as well
[main] 2021-08-17 01:15:24 INFO  com.gauravshopping.main.OnlineShoppingMain  - ========================================================
[main] 2021-08-17 01:15:24 INFO  com.gauravshopping.main.OnlineShoppingMain  - 1) employee login
[main] 2021-08-17 01:15:24 INFO  com.gauravshopping.main.OnlineShoppingMain  - 2) customer login
[main] 2021-08-17 01:15:24 INFO  com.gauravshopping.main.OnlineShoppingMain  - 3) register an customer
[main] 2021-08-17 01:15:24 INFO  com.gauravshopping.main.OnlineShoppingMain  - 4)  exit
[main] 2021-08-17 01:15:26 INFO  com.gauravshopping.main.OnlineShoppingMain  - 
 please register an customer with below details
[main] 2021-08-17 01:15:26 INFO  com.gauravshopping.main.OnlineShoppingMain  - 
 please enter an customer id
[main] 2021-08-17 01:15:28 INFO  com.gauravshopping.main.OnlineShoppingMain  - 
 please enter fisrtname
[main] 2021-08-17 01:17:54 INFO  com.gauravshopping.main.OnlineShoppingMain  - 
 Hi welcome to the menu driven app for online shopping we have new products and good quantity also the quality asurance as well
[main] 2021-08-17 01:17:54 INFO  com.gauravshopping.main.OnlineShoppingMain  - ========================================================
[main] 2021-08-17 01:17:54 INFO  com.gauravshopping.main.OnlineShoppingMain  - 1) employee login
[main] 2021-08-17 01:17:54 INFO  com.gauravshopping.main.OnlineShoppingMain  - 2) customer login
[main] 2021-08-17 01:17:54 INFO  com.gauravshopping.main.OnlineShoppingMain  - 3) register an customer
[main] 2021-08-17 01:17:54 INFO  com.gauravshopping.main.OnlineShoppingMain  - 4)  exit
[main] 2021-08-17 01:17:57 INFO  com.gauravshopping.main.OnlineShoppingMain  - 
 please register an customer with below details
[main] 2021-08-17 01:17:57 INFO  com.gauravshopping.main.OnlineShoppingMain  - 
 please enter an customer id
[main] 2021-08-17 01:17:58 INFO  com.gauravshopping.main.OnlineShoppingMain  - 
 please enter fisrtname
[main] 2021-08-17 01:18:15 INFO  com.gauravshopping.main.OnlineShoppingMain  - 
 Hi welcome to the menu driven app for online shopping we have new products and good quantity also the quality asurance as well
[main] 2021-08-17 01:18:15 INFO  com.gauravshopping.main.OnlineShoppingMain  - ========================================================
[main] 2021-08-17 01:18:15 INFO  com.gauravshopping.main.OnlineShoppingMain  - 1) employee login
[main] 2021-08-17 01:18:15 INFO  com.gauravshopping.main.OnlineShoppingMain  - 2) customer login
[main] 2021-08-17 01:18:15 INFO  com.gauravshopping.main.OnlineShoppingMain  - 3) register an customer
[main] 2021-08-17 01:18:15 INFO  com.gauravshopping.main.OnlineShoppingMain  - 4)  exit
[main] 2021-08-17 01:18:16 INFO  com.gauravshopping.main.OnlineShoppingMain  - 
 please register an customer with below details
[main] 2021-08-17 01:18:16 INFO  com.gauravshopping.main.OnlineShoppingMain  - 
 please enter an customer id
[main] 2021-08-17 01:18:18 INFO  com.gauravshopping.main.OnlineShoppingMain  - 
 please enter fisrtname
[main] 2021-08-17 01:18:28 INFO  com.gauravshopping.main.OnlineShoppingMain  - 
 Hi welcome to the menu driven app for online shopping we have new products and good quantity also the quality asurance as well
[main] 2021-08-17 01:18:28 INFO  com.gauravshopping.main.OnlineShoppingMain  - ========================================================
[main] 2021-08-17 01:18:28 INFO  com.gauravshopping.main.OnlineShoppingMain  - 1) employee login
[main] 2021-08-17 01:18:28 INFO  com.gauravshopping.main.OnlineShoppingMain  - 2) customer login
[main] 2021-08-17 01:18:28 INFO  com.gauravshopping.main.OnlineShoppingMain  - 3) register an customer
[main] 2021-08-17 01:18:28 INFO  com.gauravshopping.main.OnlineShoppingMain  - 4)  exit
[main] 2021-08-17 01:18:31 INFO  com.gauravshopping.main.OnlineShoppingMain  - 
 please register an customer with below details
[main] 2021-08-17 01:18:31 INFO  com.gauravshopping.main.OnlineShoppingMain  - 
 please enter an customer id
[main] 2021-08-17 01:18:33 INFO  com.gauravshopping.main.OnlineShoppingMain  - 
 please enter fisrtname
[main] 2021-08-17 01:18:52 INFO  com.gauravshopping.main.OnlineShoppingMain  - 
 Hi welcome to the menu driven app for online shopping we have new products and good quantity also the quality asurance as well
[main] 2021-08-17 01:18:52 INFO  com.gauravshopping.main.OnlineShoppingMain  - ========================================================
[main] 2021-08-17 01:18:52 INFO  com.gauravshopping.main.OnlineShoppingMain  - 1) employee login
[main] 2021-08-17 01:18:52 INFO  com.gauravshopping.main.OnlineShoppingMain  - 2) customer login
[main] 2021-08-17 01:18:52 INFO  com.gauravshopping.main.OnlineShoppingMain  - 3) register an customer
[main] 2021-08-17 01:18:52 INFO  com.gauravshopping.main.OnlineShoppingMain  - 4)  exit
[main] 2021-08-17 01:18:54 INFO  com.gauravshopping.main.OnlineShoppingMain  - 
 please register an customer with below details
[main] 2021-08-17 01:18:54 INFO  com.gauravshopping.main.OnlineShoppingMain  - 
 please enter an customer id
[main] 2021-08-17 01:19:08 INFO  com.gauravshopping.main.OnlineShoppingMain  - 
 please enter fisrtname
[main] 2021-08-17 01:19:14 INFO  com.gauravshopping.main.OnlineShoppingMain  - 
 Hi welcome to the menu driven app for online shopping we have new products and good quantity also the quality asurance as well
[main] 2021-08-17 01:19:14 INFO  com.gauravshopping.main.OnlineShoppingMain  - ========================================================
[main] 2021-08-17 01:19:14 INFO  com.gauravshopping.main.OnlineShoppingMain  - 1) employee login
[main] 2021-08-17 01:19:14 INFO  com.gauravshopping.main.OnlineShoppingMain  - 2) customer login
[main] 2021-08-17 01:19:14 INFO  com.gauravshopping.main.OnlineShoppingMain  - 3) register an customer
[main] 2021-08-17 01:19:14 INFO  com.gauravshopping.main.OnlineShoppingMain  - 4)  exit
[main] 2021-08-17 01:19:22 INFO  com.gauravshopping.main.OnlineShoppingMain  - 
 Hi welcome to the menu driven app for online shopping we have new products and good quantity also the quality asurance as well
[main] 2021-08-17 01:19:22 INFO  com.gauravshopping.main.OnlineShoppingMain  - ========================================================
[main] 2021-08-17 01:19:23 INFO  com.gauravshopping.main.OnlineShoppingMain  - 1) employee login
[main] 2021-08-17 01:19:23 INFO  com.gauravshopping.main.OnlineShoppingMain  - 2) customer login
[main] 2021-08-17 01:19:23 INFO  com.gauravshopping.main.OnlineShoppingMain  - 3) register an customer
[main] 2021-08-17 01:19:23 INFO  com.gauravshopping.main.OnlineShoppingMain  - 4)  exit
[main] 2021-08-17 01:19:24 INFO  com.gauravshopping.main.OnlineShoppingMain  - 
 please register an customer with below details
[main] 2021-08-17 01:19:24 INFO  com.gauravshopping.main.OnlineShoppingMain  - 
 please enter an customer id
[main] 2021-08-17 01:19:26 INFO  com.gauravshopping.main.OnlineShoppingMain  - 
 please enter fisrtname
[main] 2021-08-17 01:20:19 INFO  com.gauravshopping.main.OnlineShoppingMain  - 
 Hi welcome to the menu driven app for online shopping we have new products and good quantity also the quality asurance as well
[main] 2021-08-17 01:20:19 INFO  com.gauravshopping.main.OnlineShoppingMain  - ========================================================
[main] 2021-08-17 01:20:19 INFO  com.gauravshopping.main.OnlineShoppingMain  - 1) employee login
[main] 2021-08-17 01:20:19 INFO  com.gauravshopping.main.OnlineShoppingMain  - 2) customer login
[main] 2021-08-17 01:20:19 INFO  com.gauravshopping.main.OnlineShoppingMain  - 3) register an customer
[main] 2021-08-17 01:20:19 INFO  com.gauravshopping.main.OnlineShoppingMain  - 4)  exit
[main] 2021-08-17 01:20:21 INFO  com.gauravshopping.main.OnlineShoppingMain  - 
 please register an customer with below details
[main] 2021-08-17 01:20:21 INFO  com.gauravshopping.main.OnlineShoppingMain  - 
 please enter an customer id
[main] 2021-08-17 01:20:22 INFO  com.gauravshopping.main.OnlineShoppingMain  - 
 please enter fisrtname
[main] 2021-08-17 01:20:52 INFO  com.gauravshopping.main.OnlineShoppingMain  - 
 Hi welcome to the menu driven app for online shopping we have new products and good quantity also the quality asurance as well
[main] 2021-08-17 01:20:52 INFO  com.gauravshopping.main.OnlineShoppingMain  - ========================================================
[main] 2021-08-17 01:20:52 INFO  com.gauravshopping.main.OnlineShoppingMain  - 1) employee login
[main] 2021-08-17 01:20:52 INFO  com.gauravshopping.main.OnlineShoppingMain  - 2) customer login
[main] 2021-08-17 01:20:52 INFO  com.gauravshopping.main.OnlineShoppingMain  - 3) register an customer
[main] 2021-08-17 01:20:52 INFO  com.gauravshopping.main.OnlineShoppingMain  - 4)  exit
[main] 2021-08-17 01:20:53 INFO  com.gauravshopping.main.OnlineShoppingMain  - 
 please register an customer with below details
[main] 2021-08-17 01:20:53 INFO  com.gauravshopping.main.OnlineShoppingMain  - 
 please enter an customer id
[main] 2021-08-17 01:20:55 INFO  com.gauravshopping.main.OnlineShoppingMain  - 
 please enter fisrtname
[main] 2021-08-17 01:21:02 INFO  com.gauravshopping.main.OnlineShoppingMain  - 
 Hi welcome to the menu driven app for online shopping we have new products and good quantity also the quality asurance as well
[main] 2021-08-17 01:21:02 INFO  com.gauravshopping.main.OnlineShoppingMain  - ========================================================
[main] 2021-08-17 01:21:02 INFO  com.gauravshopping.main.OnlineShoppingMain  - 1) employee login
[main] 2021-08-17 01:21:02 INFO  com.gauravshopping.main.OnlineShoppingMain  - 2) customer login
[main] 2021-08-17 01:21:02 INFO  com.gauravshopping.main.OnlineShoppingMain  - 3) register an customer
[main] 2021-08-17 01:21:02 INFO  com.gauravshopping.main.OnlineShoppingMain  - 4)  exit
[main] 2021-08-17 01:21:04 INFO  com.gauravshopping.main.OnlineShoppingMain  - 
 please register an customer with below details
[main] 2021-08-17 01:21:04 INFO  com.gauravshopping.main.OnlineShoppingMain  - 
 please enter an customer id
[main] 2021-08-17 01:21:06 INFO  com.gauravshopping.main.OnlineShoppingMain  - 
 please enter fisrtname
[main] 2021-08-17 01:21:16 INFO  com.gauravshopping.main.OnlineShoppingMain  - 
 Hi welcome to the menu driven app for online shopping we have new products and good quantity also the quality asurance as well
[main] 2021-08-17 01:21:16 INFO  com.gauravshopping.main.OnlineShoppingMain  - ========================================================
[main] 2021-08-17 01:21:16 INFO  com.gauravshopping.main.OnlineShoppingMain  - 1) employee login
[main] 2021-08-17 01:21:16 INFO  com.gauravshopping.main.OnlineShoppingMain  - 2) customer login
[main] 2021-08-17 01:21:16 INFO  com.gauravshopping.main.OnlineShoppingMain  - 3) register an customer
[main] 2021-08-17 01:21:16 INFO  com.gauravshopping.main.OnlineShoppingMain  - 4)  exit
[main] 2021-08-17 01:21:17 INFO  com.gauravshopping.main.OnlineShoppingMain  - 
 please register an customer with below details
[main] 2021-08-17 01:21:17 INFO  com.gauravshopping.main.OnlineShoppingMain  - 
 please enter an customer id
[main] 2021-08-17 01:21:18 INFO  com.gauravshopping.main.OnlineShoppingMain  - 
 please enter fisrtname
[main] 2021-08-17 01:21:22 INFO  com.gauravshopping.main.OnlineShoppingMain  - 
 please enter lastname
[main] 2021-08-17 01:21:23 INFO  com.gauravshopping.main.OnlineShoppingMain  - 
  please enter email
[main] 2021-08-17 01:21:24 INFO  com.gauravshopping.main.OnlineShoppingMain  - 
 please enter password
[main] 2021-08-17 01:21:26 INFO  com.gauravshopping.main.OnlineShoppingMain  - invalid customer firstname fdsjbdsfjplease give valid fisrtname
[main] 2021-08-17 01:21:26 INFO  com.gauravshopping.main.OnlineShoppingMain  - 1) employee login
[main] 2021-08-17 01:21:26 INFO  com.gauravshopping.main.OnlineShoppingMain  - 2) customer login
[main] 2021-08-17 01:21:26 INFO  com.gauravshopping.main.OnlineShoppingMain  - 3) register an customer
[main] 2021-08-17 01:21:26 INFO  com.gauravshopping.main.OnlineShoppingMain  - 4)  exit
[main] 2021-08-17 01:21:41 INFO  com.gauravshopping.main.OnlineShoppingMain  - 
 Hi welcome to the menu driven app for online shopping we have new products and good quantity also the quality asurance as well
[main] 2021-08-17 01:21:41 INFO  com.gauravshopping.main.OnlineShoppingMain  - ========================================================
[main] 2021-08-17 01:21:41 INFO  com.gauravshopping.main.OnlineShoppingMain  - 1) employee login
[main] 2021-08-17 01:21:41 INFO  com.gauravshopping.main.OnlineShoppingMain  - 2) customer login
[main] 2021-08-17 01:21:41 INFO  com.gauravshopping.main.OnlineShoppingMain  - 3) register an customer
[main] 2021-08-17 01:21:41 INFO  com.gauravshopping.main.OnlineShoppingMain  - 4)  exit
[main] 2021-08-17 01:21:42 INFO  com.gauravshopping.main.OnlineShoppingMain  - 
 please register an customer with below details
[main] 2021-08-17 01:21:42 INFO  com.gauravshopping.main.OnlineShoppingMain  - 
 please enter an customer id
[main] 2021-08-17 01:21:43 INFO  com.gauravshopping.main.OnlineShoppingMain  - 
 please enter fisrtname
[main] 2021-08-17 01:21:47 INFO  com.gauravshopping.main.OnlineShoppingMain  - 
 Hi welcome to the menu driven app for online shopping we have new products and good quantity also the quality asurance as well
[main] 2021-08-17 01:21:47 INFO  com.gauravshopping.main.OnlineShoppingMain  - ========================================================
[main] 2021-08-17 01:21:47 INFO  com.gauravshopping.main.OnlineShoppingMain  - 1) employee login
[main] 2021-08-17 01:21:47 INFO  com.gauravshopping.main.OnlineShoppingMain  - 2) customer login
[main] 2021-08-17 01:21:47 INFO  com.gauravshopping.main.OnlineShoppingMain  - 3) register an customer
[main] 2021-08-17 01:21:47 INFO  com.gauravshopping.main.OnlineShoppingMain  - 4)  exit
[main] 2021-08-17 01:21:49 INFO  com.gauravshopping.main.OnlineShoppingMain  - 
 please register an customer with below details
[main] 2021-08-17 01:21:49 INFO  com.gauravshopping.main.OnlineShoppingMain  - 
 please enter an customer id
[main] 2021-08-17 01:21:51 INFO  com.gauravshopping.main.OnlineShoppingMain  - 
 please enter fisrtname
[main] 2021-08-17 01:21:57 INFO  com.gauravshopping.main.OnlineShoppingMain  - 
 Hi welcome to the menu driven app for online shopping we have new products and good quantity also the quality asurance as well
[main] 2021-08-17 01:21:57 INFO  com.gauravshopping.main.OnlineShoppingMain  - ========================================================
[main] 2021-08-17 01:21:57 INFO  com.gauravshopping.main.OnlineShoppingMain  - 1) employee login
[main] 2021-08-17 01:21:57 INFO  com.gauravshopping.main.OnlineShoppingMain  - 2) customer login
[main] 2021-08-17 01:21:57 INFO  com.gauravshopping.main.OnlineShoppingMain  - 3) register an customer
[main] 2021-08-17 01:21:57 INFO  com.gauravshopping.main.OnlineShoppingMain  - 4)  exit
[main] 2021-08-17 01:22:03 INFO  com.gauravshopping.main.OnlineShoppingMain  - 
 Hi welcome to the menu driven app for online shopping we have new products and good quantity also the quality asurance as well
[main] 2021-08-17 01:22:03 INFO  com.gauravshopping.main.OnlineShoppingMain  - ========================================================
[main] 2021-08-17 01:22:03 INFO  com.gauravshopping.main.OnlineShoppingMain  - 1) employee login
[main] 2021-08-17 01:22:03 INFO  com.gauravshopping.main.OnlineShoppingMain  - 2) customer login
[main] 2021-08-17 01:22:03 INFO  com.gauravshopping.main.OnlineShoppingMain  - 3) register an customer
[main] 2021-08-17 01:22:03 INFO  com.gauravshopping.main.OnlineShoppingMain  - 4)  exit
[main] 2021-08-17 01:22:12 INFO  com.gauravshopping.main.OnlineShoppingMain  - 
 bye customers thanks for visting our app please visit again and give us feedback so that we can improve
[main] 2021-08-17 01:22:18 INFO  com.gauravshopping.main.OnlineShoppingMain  - 
 Hi welcome to the menu driven app for online shopping we have new products and good quantity also the quality asurance as well
[main] 2021-08-17 01:22:18 INFO  com.gauravshopping.main.OnlineShoppingMain  - ========================================================
[main] 2021-08-17 01:22:18 INFO  com.gauravshopping.main.OnlineShoppingMain  - 1) employee login
[main] 2021-08-17 01:22:18 INFO  com.gauravshopping.main.OnlineShoppingMain  - 2) customer login
[main] 2021-08-17 01:22:18 INFO  com.gauravshopping.main.OnlineShoppingMain  - 3) register an customer
[main] 2021-08-17 01:22:18 INFO  com.gauravshopping.main.OnlineShoppingMain  - 4)  exit
